<?xml version="1.0" encoding="UTF-8"?>
<testng-results skipped="0" failed="0" total="1" passed="1">
  <reporter-output>
  </reporter-output>
  <suite name="Default suite" duration-ms="25316" started-at="2019-01-23T06:16:19Z" finished-at="2019-01-23T06:16:44Z">
    <groups>
    </groups>
    <test name="Default test" duration-ms="25316" started-at="2019-01-23T06:16:19Z" finished-at="2019-01-23T06:16:44Z">
      <class name="TestNgDemo.NewTest">
        <test-method status="PASS" signature="verifyHomePageTitle()[pri:0, instance:TestNgDemo.NewTest@6d8a00e3]" name="verifyHomePageTitle" duration-ms="25248" started-at="2019-01-23T11:46:19Z" finished-at="2019-01-23T11:46:44Z">
          <reporter-output>
          </reporter-output>
        </test-method> <!-- verifyHomePageTitle -->
      </class> <!-- TestNgDemo.NewTest -->
    </test> <!-- Default test -->
  </suite> <!-- Default suite -->
</testng-results>
